<?xml version="1.0" encoding="UTF-8"?>
<!-- Generated by org.testng.reporters.JUnitReportReporter -->
<testsuite hostname="DESKTOP-DR6PG1E" failures="0" tests="1" name="Dummy" time="19.286" errors="0" timestamp="2022-12-21T18:06:53 IST" skipped="0">
  <testcase classname="Dummy" name="newTest" time="19.286"/>
  <system-out/>
</testsuite> <!-- Dummy -->
